<?xml version="1.0" encoding="UTF-8"?>
<!-- Generated by org.testng.reporters.JUnitReportReporter -->
<testsuite hostname="DESKTOP-C5RJD4I" failures="0" tests="3" name="hms.emc.practiceTestCases.TestNG" time="0.014" errors="0" timestamp="2023-03-02T13:01:32 IST" skipped="0">
  <testcase classname="hms.emc.practiceTestCases.TestNG" name="test3" time="0.003"/>
  <system-out/>
  <testcase classname="hms.emc.practiceTestCases.TestNG" name="test1" time="0.006"/>
  <system-out/>
  <testcase classname="hms.emc.practiceTestCases.TestNG" name="test2" time="0.005"/>
  <system-out/>
</testsuite> <!-- hms.emc.practiceTestCases.TestNG -->
