<?xml version="1.0" encoding="UTF-8"?>
<!-- Generated by org.testng.reporters.JUnitReportReporter -->
<testsuite hostname="DESKTOP-C5RJD4I" failures="0" tests="1" name="hms.emc.practice.StringArray" time="0.017" errors="0" timestamp="2023-02-24T15:04:41 IST" skipped="0">
  <testcase classname="hms.emc.practice.StringArray" name="print" time="0.017"/>
  <system-out/>
</testsuite> <!-- hms.emc.practice.StringArray -->
