<?xml version="1.0" encoding="UTF-8"?>
<!-- Generated by org.testng.reporters.JUnitReportReporter -->
<testsuite hostname="DESKTOP-C5RJD4I" failures="0" tests="1" name="Listener.PracticeListener" time="16.371" errors="0" timestamp="2023-03-01T10:06:47 IST" skipped="0">
  <testcase classname="Listener.PracticeListener" name="facebook" time="16.371"/>
  <system-out/>
</testsuite> <!-- Listener.PracticeListener -->
