<?xml version="1.0" encoding="UTF-8"?>
<!-- Generated by org.testng.reporters.JUnitReportReporter -->
<testsuite hostname="DESKTOP-C5RJD4I" failures="0" tests="1" name="hms.emc.practiceTestCases.practice" time="0.030" errors="0" timestamp="2023-02-22T12:25:10 IST" skipped="0">
  <testcase classname="hms.emc.practiceTestCases.practice" name="getDta" time="0.030"/>
  <system-out/>
</testsuite> <!-- hms.emc.practiceTestCases.practice -->
