<?xml version="1.0" encoding="UTF-8"?>
<!-- Generated by org.testng.reporters.JUnitReportReporter -->
<testsuite hostname="DESKTOP-C5RJD4I" failures="0" tests="3" name="hms.emc.practiceTestCases.BeforeTestNG" time="0.015" errors="0" timestamp="2023-03-02T13:01:32 IST" skipped="0">
  <testcase classname="hms.emc.practiceTestCases.BeforeTestNG" name="test3" time="0.004"/>
  <system-out/>
  <testcase classname="hms.emc.practiceTestCases.BeforeTestNG" name="test2" time="0.004"/>
  <system-out/>
  <testcase classname="hms.emc.practiceTestCases.BeforeTestNG" name="test1" time="0.007"/>
  <system-out/>
</testsuite> <!-- hms.emc.practiceTestCases.BeforeTestNG -->
