<?xml version="1.0" encoding="UTF-8"?>
<!-- Generated by org.testng.reporters.JUnitReportReporter -->
<testsuite hostname="DESKTOP-C5RJD4I" failures="0" tests="1" name="hms.emc.practice.shadowElementPractice" time="25.062" errors="0" timestamp="2023-03-07T10:16:26 IST" skipped="0">
  <testcase classname="hms.emc.practice.shadowElementPractice" name="shadowElement" time="25.062"/>
  <system-out/>
</testsuite> <!-- hms.emc.practice.shadowElementPractice -->
