<?xml version="1.0" encoding="UTF-8"?>
<!-- Generated by org.testng.reporters.JUnitReportReporter -->
<testsuite hostname="DESKTOP-C5RJD4I" failures="0" tests="1" name="hms.emc.practiceTestCases.TestScript3" time="23.928" errors="0" timestamp="2023-03-01T09:50:18 IST" skipped="0">
  <testcase classname="hms.emc.practiceTestCases.TestScript3" name="doctorAddingMedicalHistoryTest" time="23.928"/>
  <system-out/>
</testsuite> <!-- hms.emc.practiceTestCases.TestScript3 -->
