<?xml version="1.0" encoding="UTF-8"?>
<!-- Generated by org.testng.reporters.JUnitReportReporter -->
<testsuite hostname="DESKTOP-C5RJD4I" failures="0" tests="1" name="hms.emc.doctor.DoctorAddingMedicalHistoryTest" time="59.321" errors="0" timestamp="2023-03-03T15:18:01 IST" skipped="0">
  <testcase classname="hms.emc.doctor.DoctorAddingMedicalHistoryTest" name="doctorAddingMedicalHistoryTest" time="59.321"/>
  <system-out/>
</testsuite> <!-- hms.emc.doctor.DoctorAddingMedicalHistoryTest -->
