<?xml version="1.0" encoding="UTF-8"?>
<!-- Generated by org.testng.reporters.JUnitReportReporter -->
<testsuite hostname="DESKTOP-C5RJD4I" failures="0" tests="1" name="hms.emc.practiceTestCases.Testscript" time="19.872" errors="0" timestamp="2023-02-23T15:41:23 IST" skipped="0">
  <testcase classname="hms.emc.practiceTestCases.Testscript" name="addingDoctorSpecialisationDoctorEDitDoctorDeleteDoctorTest" time="19.872"/>
  <system-out/>
</testsuite> <!-- hms.emc.practiceTestCases.Testscript -->
