<?xml version="1.0" encoding="UTF-8"?>
<!-- Generated by org.testng.reporters.JUnitReportReporter -->
<testsuite hostname="DESKTOP-C5RJD4I" failures="0" tests="1" name="hms.emc.practice.BrokenLinkPractice" time="48.101" errors="0" timestamp="2023-03-07T12:20:08 IST" skipped="0">
  <testcase classname="hms.emc.practice.BrokenLinkPractice" name="test" time="48.101"/>
  <system-out/>
</testsuite> <!-- hms.emc.practice.BrokenLinkPractice -->
