<?xml version="1.0" encoding="UTF-8"?>
<!-- Generated by org.testng.reporters.JUnitReportReporter -->
<testsuite hostname="DESKTOP-C8S3NG8" failures="0" tests="1" name="hms.emc.admin.AddingDoctorSpecialisationDoctorEDitDoctorDeleteDoctorTest" time="13.922" errors="0" timestamp="2023-04-28T16:11:33 IST" skipped="0">
  <testcase classname="hms.emc.admin.AddingDoctorSpecialisationDoctorEDitDoctorDeleteDoctorTest" name="addingDoctorSpecialisationDoctorEDitDoctorDeleteDoctorTest" time="13.922"/>
  <system-out/>
</testsuite> <!-- hms.emc.admin.AddingDoctorSpecialisationDoctorEDitDoctorDeleteDoctorTest -->
