<?xml version="1.0" encoding="UTF-8"?>
<!-- Generated by org.testng.reporters.JUnitReportReporter -->
<testsuite hostname="DESKTOP-C5RJD4I" failures="0" tests="1" name="Listener.PracticeListener1" time="8.729" errors="0" timestamp="2023-03-01T22:33:09 IST" skipped="0">
  <testcase classname="Listener.PracticeListener1" name="facebook" time="8.729"/>
  <system-out/>
</testsuite> <!-- Listener.PracticeListener1 -->
