<?xml version="1.0" encoding="UTF-8"?>
<!-- Generated by org.testng.reporters.JUnitReportReporter -->
<testsuite hostname="DESKTOP-C8S3NG8" failures="0" tests="5" name="hms.emc.practice.dATAprovider1" time="0.010" errors="0" timestamp="2023-04-24T22:41:26 IST" skipped="0">
  <testcase classname="hms.emc.practice.dATAprovider1" name="bookingTicketTest" time="0.006"/>
  <system-out/>
  <testcase classname="hms.emc.practice.dATAprovider1" name="bookingTicketTest" time="0.001"/>
  <system-out/>
  <testcase classname="hms.emc.practice.dATAprovider1" name="bookingTicketTest" time="0.001"/>
  <system-out/>
  <testcase classname="hms.emc.practice.dATAprovider1" name="bookingTicketTest" time="0.001"/>
  <system-out/>
  <testcase classname="hms.emc.practice.dATAprovider1" name="bookingTicketTest" time="0.001"/>
  <system-out/>
</testsuite> <!-- hms.emc.practice.dATAprovider1 -->
