<?xml version="1.0" encoding="UTF-8"?>
<!-- Generated by org.testng.reporters.JUnitReportReporter -->
<testsuite hostname="DESKTOP-C5RJD4I" failures="0" tests="3" name="hms.emc.practiceTestCases.DataPtovider" time="16.461" errors="0" timestamp="2023-02-24T13:38:32 IST" skipped="0">
  <testcase classname="hms.emc.practiceTestCases.DataPtovider" name="example" time="5.011"/>
  <system-out/>
  <testcase classname="hms.emc.practiceTestCases.DataPtovider" name="example" time="6.689"/>
  <system-out/>
  <testcase classname="hms.emc.practiceTestCases.DataPtovider" name="example" time="4.761"/>
  <system-out/>
</testsuite> <!-- hms.emc.practiceTestCases.DataPtovider -->
