<?xml version="1.0" encoding="UTF-8"?>
<!-- Generated by org.testng.reporters.JUnitReportReporter -->
<testsuite hostname="DESKTOP-C5RJD4I" failures="0" tests="1" name="hms.emc.practice.SeleniumGridPractice" time="23.408" errors="0" timestamp="2023-03-15T10:38:38 IST" skipped="0">
  <testcase classname="hms.emc.practice.SeleniumGridPractice" name="seleniumGrid" time="23.408"/>
  <system-out/>
</testsuite> <!-- hms.emc.practice.SeleniumGridPractice -->
