<?xml version="1.0" encoding="UTF-8"?>
<!-- Generated by org.testng.reporters.JUnitReportReporter -->
<testsuite hostname="DESKTOP-C5RJD4I" failures="0" tests="3" name="Listener.Practice" time="49.343" errors="0" timestamp="2023-02-28T20:47:16 IST" skipped="0">
  <testcase classname="Listener.Practice" name="test1" time="18.158"/>
  <system-out/>
  <testcase classname="Listener.Practice" name="test3" time="9.942"/>
  <system-out/>
  <testcase classname="Listener.Practice" name="test2" time="21.243"/>
  <system-out/>
</testsuite> <!-- Listener.Practice -->
