<?xml version="1.0" encoding="UTF-8"?>
<!-- Generated by org.testng.reporters.JUnitReportReporter -->
<testsuite hostname="DESKTOP-C5RJD4I" failures="0" tests="1" name="hms.emc.practiceTestCases.Testscript1" time="27.175" errors="0" timestamp="2023-02-28T11:52:23 IST" skipped="0">
  <testcase classname="hms.emc.practiceTestCases.Testscript1" name="addingDoctorSpecialisationDoctorEDitDoctorDeleteDoctorTest" time="27.175"/>
  <system-out/>
</testsuite> <!-- hms.emc.practiceTestCases.Testscript1 -->
