<?xml version="1.0" encoding="UTF-8"?>
<!-- Generated by org.testng.reporters.JUnitReportReporter -->
<testsuite hostname="DESKTOP-C5RJD4I" failures="0" tests="1" name="hms.emc.practice.Practice2" time="15.302" errors="0" timestamp="2023-03-02T17:45:00 IST" skipped="0">
  <testcase classname="hms.emc.practice.Practice2" name="instagram" time="15.302"/>
  <system-out/>
</testsuite> <!-- hms.emc.practice.Practice2 -->
