<?xml version="1.0" encoding="UTF-8"?>
<!-- Generated by org.testng.reporters.JUnitReportReporter -->
<testsuite hostname="DESKTOP-C8S3NG8" failures="0" tests="3" name="hms.emc.practice.TestNG" time="0.007" errors="0" timestamp="2023-04-24T22:17:39 IST" skipped="0">
  <testcase classname="hms.emc.practice.TestNG" name="test1" time="0.004"/>
  <system-out/>
  <testcase classname="hms.emc.practice.TestNG" name="test2" time="0.001"/>
  <system-out/>
  <testcase classname="hms.emc.practice.TestNG" name="test3" time="0.002"/>
  <system-out/>
</testsuite> <!-- hms.emc.practice.TestNG -->
