<?xml version="1.0" encoding="UTF-8"?>
<!-- Generated by org.testng.reporters.JUnitReportReporter -->
<testsuite hostname="DESKTOP-C5RJD4I" failures="0" tests="1" name="hms.emc.practiceTestCases.TestScript4" time="14.751" errors="0" timestamp="2023-02-24T10:24:47 IST" skipped="0">
  <testcase classname="hms.emc.practiceTestCases.TestScript4" name="UserRegistrationBookingAppointmentDoctorCancellingAppointmentTest" time="14.751"/>
  <system-out/>
</testsuite> <!-- hms.emc.practiceTestCases.TestScript4 -->
