<?xml version="1.0" encoding="UTF-8"?>
<!-- Generated by org.testng.reporters.JUnitReportReporter -->
<testsuite hostname="DESKTOP-C5RJD4I" failures="0" tests="1" name="hms.emc.practiceTestCases.TestScript2" time="34.640" errors="0" timestamp="2023-02-28T12:46:33 IST" skipped="0">
  <testcase classname="hms.emc.practiceTestCases.TestScript2" name="addingDoctorUserBookingAppointmentDeleteDoctorLoginAsDoctorTest" time="34.640"/>
  <system-out/>
</testsuite> <!-- hms.emc.practiceTestCases.TestScript2 -->
