<?xml version="1.0" encoding="UTF-8"?>
<!-- Generated by org.testng.reporters.JUnitReportReporter -->
<testsuite hostname="DESKTOP-C5RJD4I" failures="0" tests="1" name="hms.emc.doctor.AddingDoctorUserBookingAppointmentDeleteDoctorLoginAsDoctorTest" time="51.243" errors="0" timestamp="2023-03-07T18:33:42 IST" skipped="0">
  <testcase classname="hms.emc.doctor.AddingDoctorUserBookingAppointmentDeleteDoctorLoginAsDoctorTest" name="addingDoctorUserBookingAppointmentDeleteDoctorLoginAsDoctorTest" time="51.243"/>
  <system-out/>
</testsuite> <!-- hms.emc.doctor.AddingDoctorUserBookingAppointmentDeleteDoctorLoginAsDoctorTest -->
