<?xml version="1.0" encoding="UTF-8"?>
<!-- Generated by org.testng.reporters.JUnitReportReporter -->
<testsuite skipped="0" hostname="DESKTOP-C8S3NG8" name="hms.emc.admin.AddingDoctorSpecialisationDoctorEDitDoctorDeleteDoctorTest" tests="1" failures="0" timestamp="2023-04-25T16:16:59 IST" time="17.940" errors="0">
  <testcase name="addingDoctorSpecialisationDoctorEDitDoctorDeleteDoctorTest" time="17.940" classname="hms.emc.admin.AddingDoctorSpecialisationDoctorEDitDoctorDeleteDoctorTest"/>
  <system-out/>
</testsuite> <!-- hms.emc.admin.AddingDoctorSpecialisationDoctorEDitDoctorDeleteDoctorTest -->
